<?xml version="1.0" encoding="UTF-8"?>
<!-- Generated by org.testng.reporters.JUnitXMLReporter -->
<testsuite hostname="localhost.localdomain" name="Default test" tests="75" failures="0" timestamp="18 May 2015 10:40:06 GMT" time="63.569" errors="0">
  <testcase name="addMetadataToGaugeRawData" time="0.3" classname="org.hawkular.metrics.core.impl.cassandra.DataAccessITest2"/>
  <testcase name="deleteGuageMetrics" time="0.009" classname="org.hawkular.metrics.core.impl.cassandra.DataAccessITest2"/>
  <testcase name="doNotAllowDuplicateTenants" time="0.013" classname="org.hawkular.metrics.core.impl.cassandra.DataAccessITest2"/>
  <testcase name="findAllGaugeWithOneBucket" time="0.009" classname="org.hawkular.metrics.core.impl.cassandra.DataAccessITest2"/>
  <testcase name="findAllGuageMeytricsWithTwoBuckets" time="0.014" classname="org.hawkular.metrics.core.impl.cassandra.DataAccessITest2"/>
  <testcase name="findCountersByGroup" time="0.006" classname="org.hawkular.metrics.core.impl.cassandra.DataAccessITest2"/>
  <testcase name="findCountersByGroupAndName" time="0.005" classname="org.hawkular.metrics.core.impl.cassandra.DataAccessITest2"/>
  <testcase name="insertAndFindAvailabilitiesInOneBucket" time="0.01" classname="org.hawkular.metrics.core.impl.cassandra.DataAccessITest2"/>
  <testcase name="insertAndFindAvailabilitiesInThreeBuckets" time="0.012" classname="org.hawkular.metrics.core.impl.cassandra.DataAccessITest2"/>
  <testcase name="insertAndFindAvailabilitiesInTwoBuckets" time="0.023" classname="org.hawkular.metrics.core.impl.cassandra.DataAccessITest2"/>
  <testcase name="insertAndFindAvailabilitiesWithoutWriteTimeInOneBucket" time="0.007" classname="org.hawkular.metrics.core.impl.cassandra.DataAccessITest2"/>
  <testcase name="insertAndFindAvailabilitiesWithoutWriteTimeInThreeBuckets" time="0.013" classname="org.hawkular.metrics.core.impl.cassandra.DataAccessITest2"/>
  <testcase name="insertAndFindAvailabilitiesWithoutWriteTimeInTwoBuckets" time="0.011" classname="org.hawkular.metrics.core.impl.cassandra.DataAccessITest2"/>
  <testcase name="insertAndFindAvailbilitiesWithWriteTimeInOneBucket" time="0.006" classname="org.hawkular.metrics.core.impl.cassandra.DataAccessITest2"/>
  <testcase name="insertAndFindAvailbilitiesWithWriteTimeInThreeBuckets" time="0.01" classname="org.hawkular.metrics.core.impl.cassandra.DataAccessITest2"/>
  <testcase name="insertAndFindAvailbilitiesWithWriteTimeInTwoBuckets" time="0.012" classname="org.hawkular.metrics.core.impl.cassandra.DataAccessITest2"/>
  <testcase name="insertAndFindGaugeRawDataByGaugeWitOneBucketOrderByASC" time="0.008" classname="org.hawkular.metrics.core.impl.cassandra.DataAccessITest2"/>
  <testcase name="insertAndFindGaugeRawDataByGaugeWithOneBucket" time="0.004" classname="org.hawkular.metrics.core.impl.cassandra.DataAccessITest2"/>
  <testcase name="insertAndFindGaugeRawDataByGaugeWithThreeBuckets" time="0.011" classname="org.hawkular.metrics.core.impl.cassandra.DataAccessITest2"/>
  <testcase name="insertAndFindGaugeRawDataByGaugeWithThreeBucketsOrderByASC" time="0.016" classname="org.hawkular.metrics.core.impl.cassandra.DataAccessITest2"/>
  <testcase name="insertAndFindGaugeRawDataByGaugeWithTwoBuckets" time="0.011" classname="org.hawkular.metrics.core.impl.cassandra.DataAccessITest2"/>
  <testcase name="insertAndFindGaugeRawDataByGaugeWithTwoBucketsOrderByASC" time="0.006" classname="org.hawkular.metrics.core.impl.cassandra.DataAccessITest2"/>
  <testcase name="insertAndFindGaugeRawDataWithOneBucket" time="0.012" classname="org.hawkular.metrics.core.impl.cassandra.DataAccessITest2"/>
  <testcase name="insertAndFindGaugeRawDataWithThreeBuckets" time="0.008" classname="org.hawkular.metrics.core.impl.cassandra.DataAccessITest2"/>
  <testcase name="insertAndFindGaugeRawDataWithTwoBuckets" time="0.006" classname="org.hawkular.metrics.core.impl.cassandra.DataAccessITest2"/>
  <testcase name="insertAndFindSingleGaugeData" time="0.006" classname="org.hawkular.metrics.core.impl.cassandra.DataAccessITest2"/>
  <testcase name="insertAndFindTenant" time="0.029" classname="org.hawkular.metrics.core.impl.cassandra.DataAccessITest2"/>
  <testcase name="updateCounterAndFindCounter" time="0.004" classname="org.hawkular.metrics.core.impl.cassandra.DataAccessITest2"/>
  <testcase name="updateCounters" time="0.009" classname="org.hawkular.metrics.core.impl.cassandra.DataAccessITest2"/>
  <testcase name="addAndFetchGaugeData" time="0.049" classname="org.hawkular.metrics.core.impl.cassandra.MetricsServiceCassandraITest"/>
  <testcase name="addAvailabilityForMultipleMetrics" time="0.044" classname="org.hawkular.metrics.core.impl.cassandra.MetricsServiceCassandraITest"/>
  <testcase name="addGaugeDataForMultipleMetrics" time="0.026" classname="org.hawkular.metrics.core.impl.cassandra.MetricsServiceCassandraITest"/>
  <testcase name="createAndFindMetrics" time="0.069" classname="org.hawkular.metrics.core.impl.cassandra.MetricsServiceCassandraITest"/>
  <testcase name="createTenants" time="0.043" classname="org.hawkular.metrics.core.impl.cassandra.MetricsServiceCassandraITest"/>
  <testcase name="fetchAvailabilityDataThatHasTags" time="0.025" classname="org.hawkular.metrics.core.impl.cassandra.MetricsServiceCassandraITest"/>
  <testcase name="fetchGaugeDataThatHasTags" time="0.029" classname="org.hawkular.metrics.core.impl.cassandra.MetricsServiceCassandraITest"/>
  <testcase name="findDistinctAvailabilities" time="0.011" classname="org.hawkular.metrics.core.impl.cassandra.MetricsServiceCassandraITest"/>
  <testcase name="getPeriodsAboveThreshold" time="0.013" classname="org.hawkular.metrics.core.impl.cassandra.MetricsServiceCassandraITest"/>
  <testcase name="tagAvailabilityByDateRangeAndQueryByMultipleTags" time="0.031" classname="org.hawkular.metrics.core.impl.cassandra.MetricsServiceCassandraITest"/>
  <testcase name="tagGaugeDataByDateRangeAndQueryByMultipleTags" time="0.033" classname="org.hawkular.metrics.core.impl.cassandra.MetricsServiceCassandraITest"/>
  <testcase name="tagIndividualAvailabilityDataPoints" time="0.051" classname="org.hawkular.metrics.core.impl.cassandra.MetricsServiceCassandraITest"/>
  <testcase name="tagIndividualGaugeDataPoints" time="0.036" classname="org.hawkular.metrics.core.impl.cassandra.MetricsServiceCassandraITest"/>
  <testcase name="updateMetricTags" time="0.015" classname="org.hawkular.metrics.core.impl.cassandra.MetricsServiceCassandraITest"/>
  <testcase name="verifyTTLsSetOnAvailabilityData" time="0.043" classname="org.hawkular.metrics.core.impl.cassandra.MetricsServiceCassandraITest"/>
  <testcase name="verifyTTLsSetOnGaugeData" time="0.049" classname="org.hawkular.metrics.core.impl.cassandra.MetricsServiceCassandraITest"/>
  <testcase name="addMetadataToGaugeRawData" time="0.008" classname="org.hawkular.metrics.core.impl.cassandra.DataAccessITest"/>
  <testcase name="deleteGuageMetrics" time="0.005" classname="org.hawkular.metrics.core.impl.cassandra.DataAccessITest"/>
  <testcase name="doNotAllowDuplicateTenants" time="0.007" classname="org.hawkular.metrics.core.impl.cassandra.DataAccessITest"/>
  <testcase name="findAllGaugeWithOneBucket" time="0.005" classname="org.hawkular.metrics.core.impl.cassandra.DataAccessITest"/>
  <testcase name="findAllGuageMeytricsWithTwoBuckets" time="0.006" classname="org.hawkular.metrics.core.impl.cassandra.DataAccessITest"/>
  <testcase name="findCountersByGroup" time="0.007" classname="org.hawkular.metrics.core.impl.cassandra.DataAccessITest"/>
  <testcase name="findCountersByGroupAndName" time="0.014" classname="org.hawkular.metrics.core.impl.cassandra.DataAccessITest"/>
  <testcase name="getMetricTags" time="0.009" classname="org.hawkular.metrics.core.impl.cassandra.DataAccessITest"/>
  <testcase name="insertAndFindAvailabilitiesInOneBucket" time="0.004" classname="org.hawkular.metrics.core.impl.cassandra.DataAccessITest"/>
  <testcase name="insertAndFindAvailabilitiesInThreeBuckets" time="0.005" classname="org.hawkular.metrics.core.impl.cassandra.DataAccessITest"/>
  <testcase name="insertAndFindAvailabilitiesInTwoBuckets" time="0.007" classname="org.hawkular.metrics.core.impl.cassandra.DataAccessITest"/>
  <testcase name="insertAndFindAvailabilitiesWithoutWriteTimeInOneBucket" time="0.004" classname="org.hawkular.metrics.core.impl.cassandra.DataAccessITest"/>
  <testcase name="insertAndFindAvailabilitiesWithoutWriteTimeInThreeBuckets" time="0.019" classname="org.hawkular.metrics.core.impl.cassandra.DataAccessITest"/>
  <testcase name="insertAndFindAvailabilitiesWithoutWriteTimeInTwoBuckets" time="0.005" classname="org.hawkular.metrics.core.impl.cassandra.DataAccessITest"/>
  <testcase name="insertAndFindAvailbilitiesWithWriteTimeInOneBucket" time="0.004" classname="org.hawkular.metrics.core.impl.cassandra.DataAccessITest"/>
  <testcase name="insertAndFindAvailbilitiesWithWriteTimeInThreeBuckets" time="0.007" classname="org.hawkular.metrics.core.impl.cassandra.DataAccessITest"/>
  <testcase name="insertAndFindAvailbilitiesWithWriteTimeInTwoBuckets" time="0.004" classname="org.hawkular.metrics.core.impl.cassandra.DataAccessITest"/>
  <testcase name="insertAndFindGaugeRawDataByGaugeWitOneBucketOrderByASC" time="0.008" classname="org.hawkular.metrics.core.impl.cassandra.DataAccessITest"/>
  <testcase name="insertAndFindGaugeRawDataByGaugeWithOneBucket" time="0.005" classname="org.hawkular.metrics.core.impl.cassandra.DataAccessITest"/>
  <testcase name="insertAndFindGaugeRawDataByGaugeWithThreeBuckets" time="0.017" classname="org.hawkular.metrics.core.impl.cassandra.DataAccessITest"/>
  <testcase name="insertAndFindGaugeRawDataByGaugeWithThreeBucketsOrderByASC" time="0.006" classname="org.hawkular.metrics.core.impl.cassandra.DataAccessITest"/>
  <testcase name="insertAndFindGaugeRawDataByGaugeWithTwoBuckets" time="0.008" classname="org.hawkular.metrics.core.impl.cassandra.DataAccessITest"/>
  <testcase name="insertAndFindGaugeRawDataByGaugeWithTwoBucketsOrderByASC" time="0.006" classname="org.hawkular.metrics.core.impl.cassandra.DataAccessITest"/>
  <testcase name="insertAndFindGaugeRawDataWithOneBucket" time="0.005" classname="org.hawkular.metrics.core.impl.cassandra.DataAccessITest"/>
  <testcase name="insertAndFindGaugeRawDataWithThreeBuckets" time="0.005" classname="org.hawkular.metrics.core.impl.cassandra.DataAccessITest"/>
  <testcase name="insertAndFindGaugeRawDataWithTwoBuckets" time="0.008" classname="org.hawkular.metrics.core.impl.cassandra.DataAccessITest"/>
  <testcase name="insertAndFindSingleGaugeData" time="0.004" classname="org.hawkular.metrics.core.impl.cassandra.DataAccessITest"/>
  <testcase name="insertAndFindTenant" time="0.011" classname="org.hawkular.metrics.core.impl.cassandra.DataAccessITest"/>
  <testcase name="updateCounterAndFindCounter" time="0.004" classname="org.hawkular.metrics.core.impl.cassandra.DataAccessITest"/>
  <testcase name="updateCounters" time="0.004" classname="org.hawkular.metrics.core.impl.cassandra.DataAccessITest"/>
</testsuite> <!-- Default test -->
