<?xml version="1.0" encoding="UTF-8"?>
<!-- Generated by org.testng.reporters.JUnitXMLReporter -->
<testsuite hostname="localhost.localdomain" name="Default test" tests="25" failures="0" timestamp="30 Jun 2015 21:55:52 GMT" time="34.906" errors="0">
  <testcase name="doNotAllowDuplicateTenants" time="0.092" classname="org.hawkular.metrics.core.impl.DataAccessITest2"/>
  <testcase name="insertAndFindAvailabilitiesInOneBucket" time="0.116" classname="org.hawkular.metrics.core.impl.DataAccessITest2"/>
  <testcase name="insertAndFindAvailabilitiesInThreeBuckets" time="0.028" classname="org.hawkular.metrics.core.impl.DataAccessITest2"/>
  <testcase name="insertAndFindAvailabilitiesInTwoBuckets" time="0.015" classname="org.hawkular.metrics.core.impl.DataAccessITest2"/>
  <testcase name="insertAndFindAvailabilitiesWithoutWriteTimeInOneBucket" time="0.007" classname="org.hawkular.metrics.core.impl.DataAccessITest2"/>
  <testcase name="insertAndFindAvailabilitiesWithoutWriteTimeInThreeBuckets" time="0.046" classname="org.hawkular.metrics.core.impl.DataAccessITest2"/>
  <testcase name="insertAndFindAvailabilitiesWithoutWriteTimeInTwoBuckets" time="0.021" classname="org.hawkular.metrics.core.impl.DataAccessITest2"/>
  <testcase name="insertAndFindAvailbilitiesWithWriteTimeInOneBucket" time="0.01" classname="org.hawkular.metrics.core.impl.DataAccessITest2"/>
  <testcase name="insertAndFindAvailbilitiesWithWriteTimeInThreeBuckets" time="0.025" classname="org.hawkular.metrics.core.impl.DataAccessITest2"/>
  <testcase name="insertAndFindAvailbilitiesWithWriteTimeInTwoBuckets" time="0.015" classname="org.hawkular.metrics.core.impl.DataAccessITest2"/>
  <testcase name="insertAndFindGaugeRawDataByGaugeWitOneBucketOrderByASC" time="0.026" classname="org.hawkular.metrics.core.impl.DataAccessITest2"/>
  <testcase name="insertAndFindGaugeRawDataByGaugeWithOneBucket" time="0.009" classname="org.hawkular.metrics.core.impl.DataAccessITest2"/>
  <testcase name="insertAndFindGaugeRawDataByGaugeWithThreeBuckets" time="0.031" classname="org.hawkular.metrics.core.impl.DataAccessITest2"/>
  <testcase name="insertAndFindGaugeRawDataByGaugeWithThreeBucketsOrderByASC" time="0.018" classname="org.hawkular.metrics.core.impl.DataAccessITest2"/>
  <testcase name="insertAndFindGaugeRawDataByGaugeWithTwoBuckets" time="0.014" classname="org.hawkular.metrics.core.impl.DataAccessITest2"/>
  <testcase name="insertAndFindGaugeRawDataByGaugeWithTwoBucketsOrderByASC" time="0.025" classname="org.hawkular.metrics.core.impl.DataAccessITest2"/>
  <testcase name="insertAndFindGaugeRawDataWithOneBucket" time="0.007" classname="org.hawkular.metrics.core.impl.DataAccessITest2"/>
  <testcase name="insertAndFindGaugeRawDataWithOneBucketWithWriteTime" time="0.013" classname="org.hawkular.metrics.core.impl.DataAccessITest2"/>
  <testcase name="insertAndFindGaugeRawDataWithThreeBuckets" time="0.023" classname="org.hawkular.metrics.core.impl.DataAccessITest2"/>
  <testcase name="insertAndFindGaugeRawDataWithThreeBucketsWithWriteTime" time="0.037" classname="org.hawkular.metrics.core.impl.DataAccessITest2"/>
  <testcase name="insertAndFindGaugeRawDataWithTwoBuckets" time="0.015" classname="org.hawkular.metrics.core.impl.DataAccessITest2"/>
  <testcase name="insertAndFindGaugeRawDataWithTwoBucketsWithWriteTime" time="0.012" classname="org.hawkular.metrics.core.impl.DataAccessITest2"/>
  <testcase name="insertAndFindSingleGaugeData" time="0.022" classname="org.hawkular.metrics.core.impl.DataAccessITest2"/>
  <testcase name="insertAndFindSingleGaugeDataWithWriteTime" time="0.019" classname="org.hawkular.metrics.core.impl.DataAccessITest2"/>
  <testcase name="insertAndFindTenant" time="0.081" classname="org.hawkular.metrics.core.impl.DataAccessITest2"/>
</testsuite> <!-- Default test -->
