<?xml version="1.0" encoding="UTF-8"?>
<!-- Generated by org.testng.reporters.JUnitXMLReporter -->
<testsuite hostname="localhost.localdomain" name="Default test" tests="30" failures="0" timestamp="17 May 2015 21:36:40 GMT" time="20.719" errors="0">
  <testcase name="addMetadataToGaugeRawData" time="0.168" classname="org.hawkular.metrics.core.impl.cassandra.DataAccessITest2"/>
  <testcase name="deleteGuageMetrics" time="0.009" classname="org.hawkular.metrics.core.impl.cassandra.DataAccessITest2"/>
  <testcase name="doNotAllowDuplicateTenants" time="0.012" classname="org.hawkular.metrics.core.impl.cassandra.DataAccessITest2"/>
  <testcase name="findAllGaugeWithOneBucket" time="0.006" classname="org.hawkular.metrics.core.impl.cassandra.DataAccessITest2"/>
  <testcase name="findCountersByGroup" time="0.01" classname="org.hawkular.metrics.core.impl.cassandra.DataAccessITest2"/>
  <testcase name="findCountersByGroupAndName" time="0.007" classname="org.hawkular.metrics.core.impl.cassandra.DataAccessITest2"/>
  <testcase name="findGuageMeytricsWithTwoBuckets" time="0.01" classname="org.hawkular.metrics.core.impl.cassandra.DataAccessITest2"/>
  <testcase name="getMetricTags" time="0.008" classname="org.hawkular.metrics.core.impl.cassandra.DataAccessITest2"/>
  <testcase name="insertAndFindAvailabilitiesInOneBucket" time="0.01" classname="org.hawkular.metrics.core.impl.cassandra.DataAccessITest2"/>
  <testcase name="insertAndFindAvailabilitiesInThreeBuckets" time="0.016" classname="org.hawkular.metrics.core.impl.cassandra.DataAccessITest2"/>
  <testcase name="insertAndFindAvailabilitiesInTwoBuckets" time="0.006" classname="org.hawkular.metrics.core.impl.cassandra.DataAccessITest2"/>
  <testcase name="insertAndFindAvailabilitiesWithoutWriteTimeInOneBucket" time="0.006" classname="org.hawkular.metrics.core.impl.cassandra.DataAccessITest2"/>
  <testcase name="insertAndFindAvailabilitiesWithoutWriteTimeInThreeBuckets" time="0.01" classname="org.hawkular.metrics.core.impl.cassandra.DataAccessITest2"/>
  <testcase name="insertAndFindAvailabilitiesWithoutWriteTimeInTwoBuckets" time="0.006" classname="org.hawkular.metrics.core.impl.cassandra.DataAccessITest2"/>
  <testcase name="insertAndFindAvailbilitiesWithWriteTimeInOneBucket" time="0.005" classname="org.hawkular.metrics.core.impl.cassandra.DataAccessITest2"/>
  <testcase name="insertAndFindAvailbilitiesWithWriteTimeInThreeBuckets" time="0.01" classname="org.hawkular.metrics.core.impl.cassandra.DataAccessITest2"/>
  <testcase name="insertAndFindAvailbilitiesWithWriteTimeInTwoBuckets" time="0.006" classname="org.hawkular.metrics.core.impl.cassandra.DataAccessITest2"/>
  <testcase name="insertAndFindGaugeRawDataByGaugeWitOneBucketOrderByASC" time="0.013" classname="org.hawkular.metrics.core.impl.cassandra.DataAccessITest2"/>
  <testcase name="insertAndFindGaugeRawDataByGaugeWithOneBucket" time="0.005" classname="org.hawkular.metrics.core.impl.cassandra.DataAccessITest2"/>
  <testcase name="insertAndFindGaugeRawDataByGaugeWithThreeBuckets" time="0.009" classname="org.hawkular.metrics.core.impl.cassandra.DataAccessITest2"/>
  <testcase name="insertAndFindGaugeRawDataByGaugeWithThreeBucketsOrderByASC" time="0.013" classname="org.hawkular.metrics.core.impl.cassandra.DataAccessITest2"/>
  <testcase name="insertAndFindGaugeRawDataByGaugeWithTwoBuckets" time="0.01" classname="org.hawkular.metrics.core.impl.cassandra.DataAccessITest2"/>
  <testcase name="insertAndFindGaugeRawDataByGaugeWithTwoBucketsOrderByASC" time="0.006" classname="org.hawkular.metrics.core.impl.cassandra.DataAccessITest2"/>
  <testcase name="insertAndFindGaugeRawDataWithOneBucket" time="0.003" classname="org.hawkular.metrics.core.impl.cassandra.DataAccessITest2"/>
  <testcase name="insertAndFindGaugeRawDataWithThreeBuckets" time="0.008" classname="org.hawkular.metrics.core.impl.cassandra.DataAccessITest2"/>
  <testcase name="insertAndFindGaugeRawDataWithTwoBuckets" time="0.01" classname="org.hawkular.metrics.core.impl.cassandra.DataAccessITest2"/>
  <testcase name="insertAndFindSingleGaugeData" time="0.004" classname="org.hawkular.metrics.core.impl.cassandra.DataAccessITest2"/>
  <testcase name="insertAndFindTenant" time="0.043" classname="org.hawkular.metrics.core.impl.cassandra.DataAccessITest2"/>
  <testcase name="updateCounterAndFindCounter" time="0.004" classname="org.hawkular.metrics.core.impl.cassandra.DataAccessITest2"/>
  <testcase name="updateCounters" time="0.004" classname="org.hawkular.metrics.core.impl.cassandra.DataAccessITest2"/>
</testsuite> <!-- Default test -->
