<?xml version="1.0" encoding="UTF-8"?>
<testng-results skipped="0" failed="0" total="30" passed="30">
  <reporter-output>
  </reporter-output>
  <suite name="Default suite" duration-ms="20719" started-at="2015-05-17T21:36:19Z" finished-at="2015-05-17T21:36:40Z">
    <groups>
    </groups>
    <test name="Default test" duration-ms="20719" started-at="2015-05-17T21:36:19Z" finished-at="2015-05-17T21:36:40Z">
      <class name="org.hawkular.metrics.core.impl.cassandra.DataAccessITest2">
        <test-method status="PASS" signature="initClass()[pri:0, instance:org.hawkular.metrics.core.impl.cassandra.DataAccessITest2@2c8d66b2]" name="initClass" is-config="true" duration-ms="911" started-at="2015-05-17T22:36:19Z" finished-at="2015-05-17T22:36:20Z">
          <reporter-output>
          </reporter-output>
        </test-method> <!-- initClass -->
        <test-method status="PASS" signature="initMethod()[pri:0, instance:org.hawkular.metrics.core.impl.cassandra.DataAccessITest2@2c8d66b2]" name="initMethod" is-config="true" duration-ms="764" started-at="2015-05-17T22:36:20Z" finished-at="2015-05-17T22:36:20Z">
          <reporter-output>
          </reporter-output>
        </test-method> <!-- initMethod -->
        <test-method status="PASS" signature="addMetadataToGaugeRawData()[pri:0, instance:org.hawkular.metrics.core.impl.cassandra.DataAccessITest2@2c8d66b2]" name="addMetadataToGaugeRawData" duration-ms="168" started-at="2015-05-17T22:36:20Z" finished-at="2015-05-17T22:36:21Z">
          <reporter-output>
          </reporter-output>
        </test-method> <!-- addMetadataToGaugeRawData -->
        <test-method status="PASS" signature="initMethod()[pri:0, instance:org.hawkular.metrics.core.impl.cassandra.DataAccessITest2@2c8d66b2]" name="initMethod" is-config="true" duration-ms="646" started-at="2015-05-17T22:36:21Z" finished-at="2015-05-17T22:36:21Z">
          <reporter-output>
          </reporter-output>
        </test-method> <!-- initMethod -->
        <test-method status="PASS" signature="deleteGuageMetrics()[pri:0, instance:org.hawkular.metrics.core.impl.cassandra.DataAccessITest2@2c8d66b2]" name="deleteGuageMetrics" duration-ms="9" started-at="2015-05-17T22:36:21Z" finished-at="2015-05-17T22:36:21Z">
          <reporter-output>
          </reporter-output>
        </test-method> <!-- deleteGuageMetrics -->
        <test-method status="PASS" signature="initMethod()[pri:0, instance:org.hawkular.metrics.core.impl.cassandra.DataAccessITest2@2c8d66b2]" name="initMethod" is-config="true" duration-ms="569" started-at="2015-05-17T22:36:21Z" finished-at="2015-05-17T22:36:22Z">
          <reporter-output>
          </reporter-output>
        </test-method> <!-- initMethod -->
        <test-method status="PASS" signature="doNotAllowDuplicateTenants()[pri:0, instance:org.hawkular.metrics.core.impl.cassandra.DataAccessITest2@2c8d66b2]" name="doNotAllowDuplicateTenants" duration-ms="12" started-at="2015-05-17T22:36:22Z" finished-at="2015-05-17T22:36:22Z">
          <reporter-output>
          </reporter-output>
        </test-method> <!-- doNotAllowDuplicateTenants -->
        <test-method status="PASS" signature="initMethod()[pri:0, instance:org.hawkular.metrics.core.impl.cassandra.DataAccessITest2@2c8d66b2]" name="initMethod" is-config="true" duration-ms="654" started-at="2015-05-17T22:36:22Z" finished-at="2015-05-17T22:36:23Z">
          <reporter-output>
          </reporter-output>
        </test-method> <!-- initMethod -->
        <test-method status="PASS" signature="findAllGaugeWithOneBucket()[pri:0, instance:org.hawkular.metrics.core.impl.cassandra.DataAccessITest2@2c8d66b2]" name="findAllGaugeWithOneBucket" duration-ms="6" started-at="2015-05-17T22:36:23Z" finished-at="2015-05-17T22:36:23Z">
          <reporter-output>
          </reporter-output>
        </test-method> <!-- findAllGaugeWithOneBucket -->
        <test-method status="PASS" signature="initMethod()[pri:0, instance:org.hawkular.metrics.core.impl.cassandra.DataAccessITest2@2c8d66b2]" name="initMethod" is-config="true" duration-ms="741" started-at="2015-05-17T22:36:23Z" finished-at="2015-05-17T22:36:23Z">
          <reporter-output>
          </reporter-output>
        </test-method> <!-- initMethod -->
        <test-method status="PASS" signature="findCountersByGroup()[pri:0, instance:org.hawkular.metrics.core.impl.cassandra.DataAccessITest2@2c8d66b2]" name="findCountersByGroup" duration-ms="10" started-at="2015-05-17T22:36:23Z" finished-at="2015-05-17T22:36:23Z">
          <reporter-output>
          </reporter-output>
        </test-method> <!-- findCountersByGroup -->
        <test-method status="PASS" signature="initMethod()[pri:0, instance:org.hawkular.metrics.core.impl.cassandra.DataAccessITest2@2c8d66b2]" name="initMethod" is-config="true" duration-ms="671" started-at="2015-05-17T22:36:23Z" finished-at="2015-05-17T22:36:24Z">
          <reporter-output>
          </reporter-output>
        </test-method> <!-- initMethod -->
        <test-method status="PASS" signature="findCountersByGroupAndName()[pri:0, instance:org.hawkular.metrics.core.impl.cassandra.DataAccessITest2@2c8d66b2]" name="findCountersByGroupAndName" duration-ms="7" started-at="2015-05-17T22:36:24Z" finished-at="2015-05-17T22:36:24Z">
          <reporter-output>
          </reporter-output>
        </test-method> <!-- findCountersByGroupAndName -->
        <test-method status="PASS" signature="initMethod()[pri:0, instance:org.hawkular.metrics.core.impl.cassandra.DataAccessITest2@2c8d66b2]" name="initMethod" is-config="true" duration-ms="624" started-at="2015-05-17T22:36:24Z" finished-at="2015-05-17T22:36:25Z">
          <reporter-output>
          </reporter-output>
        </test-method> <!-- initMethod -->
        <test-method status="PASS" signature="findGuageMeytricsWithTwoBuckets()[pri:0, instance:org.hawkular.metrics.core.impl.cassandra.DataAccessITest2@2c8d66b2]" name="findGuageMeytricsWithTwoBuckets" duration-ms="10" started-at="2015-05-17T22:36:25Z" finished-at="2015-05-17T22:36:25Z">
          <reporter-output>
          </reporter-output>
        </test-method> <!-- findGuageMeytricsWithTwoBuckets -->
        <test-method status="PASS" signature="initMethod()[pri:0, instance:org.hawkular.metrics.core.impl.cassandra.DataAccessITest2@2c8d66b2]" name="initMethod" is-config="true" duration-ms="688" started-at="2015-05-17T22:36:25Z" finished-at="2015-05-17T22:36:25Z">
          <reporter-output>
          </reporter-output>
        </test-method> <!-- initMethod -->
        <test-method status="PASS" signature="getMetricTags()[pri:0, instance:org.hawkular.metrics.core.impl.cassandra.DataAccessITest2@2c8d66b2]" name="getMetricTags" duration-ms="8" started-at="2015-05-17T22:36:25Z" finished-at="2015-05-17T22:36:25Z">
          <reporter-output>
          </reporter-output>
        </test-method> <!-- getMetricTags -->
        <test-method status="PASS" signature="initMethod()[pri:0, instance:org.hawkular.metrics.core.impl.cassandra.DataAccessITest2@2c8d66b2]" name="initMethod" is-config="true" duration-ms="684" started-at="2015-05-17T22:36:25Z" finished-at="2015-05-17T22:36:26Z">
          <reporter-output>
          </reporter-output>
        </test-method> <!-- initMethod -->
        <test-method status="PASS" signature="insertAndFindAvailabilitiesInOneBucket()[pri:0, instance:org.hawkular.metrics.core.impl.cassandra.DataAccessITest2@2c8d66b2]" name="insertAndFindAvailabilitiesInOneBucket" duration-ms="10" started-at="2015-05-17T22:36:26Z" finished-at="2015-05-17T22:36:26Z">
          <reporter-output>
          </reporter-output>
        </test-method> <!-- insertAndFindAvailabilitiesInOneBucket -->
        <test-method status="PASS" signature="initMethod()[pri:0, instance:org.hawkular.metrics.core.impl.cassandra.DataAccessITest2@2c8d66b2]" name="initMethod" is-config="true" duration-ms="593" started-at="2015-05-17T22:36:26Z" finished-at="2015-05-17T22:36:27Z">
          <reporter-output>
          </reporter-output>
        </test-method> <!-- initMethod -->
        <test-method status="PASS" signature="insertAndFindAvailabilitiesInThreeBuckets()[pri:0, instance:org.hawkular.metrics.core.impl.cassandra.DataAccessITest2@2c8d66b2]" name="insertAndFindAvailabilitiesInThreeBuckets" duration-ms="16" started-at="2015-05-17T22:36:27Z" finished-at="2015-05-17T22:36:27Z">
          <reporter-output>
          </reporter-output>
        </test-method> <!-- insertAndFindAvailabilitiesInThreeBuckets -->
        <test-method status="PASS" signature="initMethod()[pri:0, instance:org.hawkular.metrics.core.impl.cassandra.DataAccessITest2@2c8d66b2]" name="initMethod" is-config="true" duration-ms="589" started-at="2015-05-17T22:36:27Z" finished-at="2015-05-17T22:36:27Z">
          <reporter-output>
          </reporter-output>
        </test-method> <!-- initMethod -->
        <test-method status="PASS" signature="insertAndFindAvailabilitiesInTwoBuckets()[pri:0, instance:org.hawkular.metrics.core.impl.cassandra.DataAccessITest2@2c8d66b2]" name="insertAndFindAvailabilitiesInTwoBuckets" duration-ms="6" started-at="2015-05-17T22:36:27Z" finished-at="2015-05-17T22:36:27Z">
          <reporter-output>
          </reporter-output>
        </test-method> <!-- insertAndFindAvailabilitiesInTwoBuckets -->
        <test-method status="PASS" signature="initMethod()[pri:0, instance:org.hawkular.metrics.core.impl.cassandra.DataAccessITest2@2c8d66b2]" name="initMethod" is-config="true" duration-ms="632" started-at="2015-05-17T22:36:27Z" finished-at="2015-05-17T22:36:28Z">
          <reporter-output>
          </reporter-output>
        </test-method> <!-- initMethod -->
        <test-method status="PASS" signature="insertAndFindAvailabilitiesWithoutWriteTimeInOneBucket()[pri:0, instance:org.hawkular.metrics.core.impl.cassandra.DataAccessITest2@2c8d66b2]" name="insertAndFindAvailabilitiesWithoutWriteTimeInOneBucket" duration-ms="6" started-at="2015-05-17T22:36:28Z" finished-at="2015-05-17T22:36:28Z">
          <reporter-output>
          </reporter-output>
        </test-method> <!-- insertAndFindAvailabilitiesWithoutWriteTimeInOneBucket -->
        <test-method status="PASS" signature="initMethod()[pri:0, instance:org.hawkular.metrics.core.impl.cassandra.DataAccessITest2@2c8d66b2]" name="initMethod" is-config="true" duration-ms="658" started-at="2015-05-17T22:36:28Z" finished-at="2015-05-17T22:36:28Z">
          <reporter-output>
          </reporter-output>
        </test-method> <!-- initMethod -->
        <test-method status="PASS" signature="insertAndFindAvailabilitiesWithoutWriteTimeInThreeBuckets()[pri:0, instance:org.hawkular.metrics.core.impl.cassandra.DataAccessITest2@2c8d66b2]" name="insertAndFindAvailabilitiesWithoutWriteTimeInThreeBuckets" duration-ms="10" started-at="2015-05-17T22:36:28Z" finished-at="2015-05-17T22:36:28Z">
          <reporter-output>
          </reporter-output>
        </test-method> <!-- insertAndFindAvailabilitiesWithoutWriteTimeInThreeBuckets -->
        <test-method status="PASS" signature="initMethod()[pri:0, instance:org.hawkular.metrics.core.impl.cassandra.DataAccessITest2@2c8d66b2]" name="initMethod" is-config="true" duration-ms="810" started-at="2015-05-17T22:36:29Z" finished-at="2015-05-17T22:36:29Z">
          <reporter-output>
          </reporter-output>
        </test-method> <!-- initMethod -->
        <test-method status="PASS" signature="insertAndFindAvailabilitiesWithoutWriteTimeInTwoBuckets()[pri:0, instance:org.hawkular.metrics.core.impl.cassandra.DataAccessITest2@2c8d66b2]" name="insertAndFindAvailabilitiesWithoutWriteTimeInTwoBuckets" duration-ms="6" started-at="2015-05-17T22:36:29Z" finished-at="2015-05-17T22:36:29Z">
          <reporter-output>
          </reporter-output>
        </test-method> <!-- insertAndFindAvailabilitiesWithoutWriteTimeInTwoBuckets -->
        <test-method status="PASS" signature="initMethod()[pri:0, instance:org.hawkular.metrics.core.impl.cassandra.DataAccessITest2@2c8d66b2]" name="initMethod" is-config="true" duration-ms="644" started-at="2015-05-17T22:36:29Z" finished-at="2015-05-17T22:36:30Z">
          <reporter-output>
          </reporter-output>
        </test-method> <!-- initMethod -->
        <test-method status="PASS" signature="insertAndFindAvailbilitiesWithWriteTimeInOneBucket()[pri:0, instance:org.hawkular.metrics.core.impl.cassandra.DataAccessITest2@2c8d66b2]" name="insertAndFindAvailbilitiesWithWriteTimeInOneBucket" duration-ms="5" started-at="2015-05-17T22:36:30Z" finished-at="2015-05-17T22:36:30Z">
          <reporter-output>
          </reporter-output>
        </test-method> <!-- insertAndFindAvailbilitiesWithWriteTimeInOneBucket -->
        <test-method status="PASS" signature="initMethod()[pri:0, instance:org.hawkular.metrics.core.impl.cassandra.DataAccessITest2@2c8d66b2]" name="initMethod" is-config="true" duration-ms="582" started-at="2015-05-17T22:36:30Z" finished-at="2015-05-17T22:36:31Z">
          <reporter-output>
          </reporter-output>
        </test-method> <!-- initMethod -->
        <test-method status="PASS" signature="insertAndFindAvailbilitiesWithWriteTimeInThreeBuckets()[pri:0, instance:org.hawkular.metrics.core.impl.cassandra.DataAccessITest2@2c8d66b2]" name="insertAndFindAvailbilitiesWithWriteTimeInThreeBuckets" duration-ms="10" started-at="2015-05-17T22:36:31Z" finished-at="2015-05-17T22:36:31Z">
          <reporter-output>
          </reporter-output>
        </test-method> <!-- insertAndFindAvailbilitiesWithWriteTimeInThreeBuckets -->
        <test-method status="PASS" signature="initMethod()[pri:0, instance:org.hawkular.metrics.core.impl.cassandra.DataAccessITest2@2c8d66b2]" name="initMethod" is-config="true" duration-ms="613" started-at="2015-05-17T22:36:31Z" finished-at="2015-05-17T22:36:31Z">
          <reporter-output>
          </reporter-output>
        </test-method> <!-- initMethod -->
        <test-method status="PASS" signature="insertAndFindAvailbilitiesWithWriteTimeInTwoBuckets()[pri:0, instance:org.hawkular.metrics.core.impl.cassandra.DataAccessITest2@2c8d66b2]" name="insertAndFindAvailbilitiesWithWriteTimeInTwoBuckets" duration-ms="6" started-at="2015-05-17T22:36:31Z" finished-at="2015-05-17T22:36:31Z">
          <reporter-output>
          </reporter-output>
        </test-method> <!-- insertAndFindAvailbilitiesWithWriteTimeInTwoBuckets -->
        <test-method status="PASS" signature="initMethod()[pri:0, instance:org.hawkular.metrics.core.impl.cassandra.DataAccessITest2@2c8d66b2]" name="initMethod" is-config="true" duration-ms="640" started-at="2015-05-17T22:36:31Z" finished-at="2015-05-17T22:36:32Z">
          <reporter-output>
          </reporter-output>
        </test-method> <!-- initMethod -->
        <test-method status="PASS" signature="insertAndFindGaugeRawDataByGaugeWitOneBucketOrderByASC()[pri:0, instance:org.hawkular.metrics.core.impl.cassandra.DataAccessITest2@2c8d66b2]" name="insertAndFindGaugeRawDataByGaugeWitOneBucketOrderByASC" duration-ms="13" started-at="2015-05-17T22:36:32Z" finished-at="2015-05-17T22:36:32Z">
          <reporter-output>
          </reporter-output>
        </test-method> <!-- insertAndFindGaugeRawDataByGaugeWitOneBucketOrderByASC -->
        <test-method status="PASS" signature="initMethod()[pri:0, instance:org.hawkular.metrics.core.impl.cassandra.DataAccessITest2@2c8d66b2]" name="initMethod" is-config="true" duration-ms="618" started-at="2015-05-17T22:36:32Z" finished-at="2015-05-17T22:36:32Z">
          <reporter-output>
          </reporter-output>
        </test-method> <!-- initMethod -->
        <test-method status="PASS" signature="insertAndFindGaugeRawDataByGaugeWithOneBucket()[pri:0, instance:org.hawkular.metrics.core.impl.cassandra.DataAccessITest2@2c8d66b2]" name="insertAndFindGaugeRawDataByGaugeWithOneBucket" duration-ms="5" started-at="2015-05-17T22:36:32Z" finished-at="2015-05-17T22:36:32Z">
          <reporter-output>
          </reporter-output>
        </test-method> <!-- insertAndFindGaugeRawDataByGaugeWithOneBucket -->
        <test-method status="PASS" signature="initMethod()[pri:0, instance:org.hawkular.metrics.core.impl.cassandra.DataAccessITest2@2c8d66b2]" name="initMethod" is-config="true" duration-ms="556" started-at="2015-05-17T22:36:32Z" finished-at="2015-05-17T22:36:33Z">
          <reporter-output>
          </reporter-output>
        </test-method> <!-- initMethod -->
        <test-method status="PASS" signature="insertAndFindGaugeRawDataByGaugeWithThreeBuckets()[pri:0, instance:org.hawkular.metrics.core.impl.cassandra.DataAccessITest2@2c8d66b2]" name="insertAndFindGaugeRawDataByGaugeWithThreeBuckets" duration-ms="9" started-at="2015-05-17T22:36:33Z" finished-at="2015-05-17T22:36:33Z">
          <reporter-output>
          </reporter-output>
        </test-method> <!-- insertAndFindGaugeRawDataByGaugeWithThreeBuckets -->
        <test-method status="PASS" signature="initMethod()[pri:0, instance:org.hawkular.metrics.core.impl.cassandra.DataAccessITest2@2c8d66b2]" name="initMethod" is-config="true" duration-ms="623" started-at="2015-05-17T22:36:33Z" finished-at="2015-05-17T22:36:34Z">
          <reporter-output>
          </reporter-output>
        </test-method> <!-- initMethod -->
        <test-method status="PASS" signature="insertAndFindGaugeRawDataByGaugeWithThreeBucketsOrderByASC()[pri:0, instance:org.hawkular.metrics.core.impl.cassandra.DataAccessITest2@2c8d66b2]" name="insertAndFindGaugeRawDataByGaugeWithThreeBucketsOrderByASC" duration-ms="13" started-at="2015-05-17T22:36:34Z" finished-at="2015-05-17T22:36:34Z">
          <reporter-output>
          </reporter-output>
        </test-method> <!-- insertAndFindGaugeRawDataByGaugeWithThreeBucketsOrderByASC -->
        <test-method status="PASS" signature="initMethod()[pri:0, instance:org.hawkular.metrics.core.impl.cassandra.DataAccessITest2@2c8d66b2]" name="initMethod" is-config="true" duration-ms="641" started-at="2015-05-17T22:36:34Z" finished-at="2015-05-17T22:36:34Z">
          <reporter-output>
          </reporter-output>
        </test-method> <!-- initMethod -->
        <test-method status="PASS" signature="insertAndFindGaugeRawDataByGaugeWithTwoBuckets()[pri:0, instance:org.hawkular.metrics.core.impl.cassandra.DataAccessITest2@2c8d66b2]" name="insertAndFindGaugeRawDataByGaugeWithTwoBuckets" duration-ms="10" started-at="2015-05-17T22:36:34Z" finished-at="2015-05-17T22:36:34Z">
          <reporter-output>
          </reporter-output>
        </test-method> <!-- insertAndFindGaugeRawDataByGaugeWithTwoBuckets -->
        <test-method status="PASS" signature="initMethod()[pri:0, instance:org.hawkular.metrics.core.impl.cassandra.DataAccessITest2@2c8d66b2]" name="initMethod" is-config="true" duration-ms="604" started-at="2015-05-17T22:36:34Z" finished-at="2015-05-17T22:36:35Z">
          <reporter-output>
          </reporter-output>
        </test-method> <!-- initMethod -->
        <test-method status="PASS" signature="insertAndFindGaugeRawDataByGaugeWithTwoBucketsOrderByASC()[pri:0, instance:org.hawkular.metrics.core.impl.cassandra.DataAccessITest2@2c8d66b2]" name="insertAndFindGaugeRawDataByGaugeWithTwoBucketsOrderByASC" duration-ms="6" started-at="2015-05-17T22:36:35Z" finished-at="2015-05-17T22:36:35Z">
          <reporter-output>
          </reporter-output>
        </test-method> <!-- insertAndFindGaugeRawDataByGaugeWithTwoBucketsOrderByASC -->
        <test-method status="PASS" signature="initMethod()[pri:0, instance:org.hawkular.metrics.core.impl.cassandra.DataAccessITest2@2c8d66b2]" name="initMethod" is-config="true" duration-ms="784" started-at="2015-05-17T22:36:35Z" finished-at="2015-05-17T22:36:36Z">
          <reporter-output>
          </reporter-output>
        </test-method> <!-- initMethod -->
        <test-method status="PASS" signature="insertAndFindGaugeRawDataWithOneBucket()[pri:0, instance:org.hawkular.metrics.core.impl.cassandra.DataAccessITest2@2c8d66b2]" name="insertAndFindGaugeRawDataWithOneBucket" duration-ms="3" started-at="2015-05-17T22:36:36Z" finished-at="2015-05-17T22:36:36Z">
          <reporter-output>
          </reporter-output>
        </test-method> <!-- insertAndFindGaugeRawDataWithOneBucket -->
        <test-method status="PASS" signature="initMethod()[pri:0, instance:org.hawkular.metrics.core.impl.cassandra.DataAccessITest2@2c8d66b2]" name="initMethod" is-config="true" duration-ms="602" started-at="2015-05-17T22:36:36Z" finished-at="2015-05-17T22:36:36Z">
          <reporter-output>
          </reporter-output>
        </test-method> <!-- initMethod -->
        <test-method status="PASS" signature="insertAndFindGaugeRawDataWithThreeBuckets()[pri:0, instance:org.hawkular.metrics.core.impl.cassandra.DataAccessITest2@2c8d66b2]" name="insertAndFindGaugeRawDataWithThreeBuckets" duration-ms="8" started-at="2015-05-17T22:36:36Z" finished-at="2015-05-17T22:36:36Z">
          <reporter-output>
          </reporter-output>
        </test-method> <!-- insertAndFindGaugeRawDataWithThreeBuckets -->
        <test-method status="PASS" signature="initMethod()[pri:0, instance:org.hawkular.metrics.core.impl.cassandra.DataAccessITest2@2c8d66b2]" name="initMethod" is-config="true" duration-ms="659" started-at="2015-05-17T22:36:36Z" finished-at="2015-05-17T22:36:37Z">
          <reporter-output>
          </reporter-output>
        </test-method> <!-- initMethod -->
        <test-method status="PASS" signature="insertAndFindGaugeRawDataWithTwoBuckets()[pri:0, instance:org.hawkular.metrics.core.impl.cassandra.DataAccessITest2@2c8d66b2]" name="insertAndFindGaugeRawDataWithTwoBuckets" duration-ms="10" started-at="2015-05-17T22:36:37Z" finished-at="2015-05-17T22:36:37Z">
          <reporter-output>
          </reporter-output>
        </test-method> <!-- insertAndFindGaugeRawDataWithTwoBuckets -->
        <test-method status="PASS" signature="initMethod()[pri:0, instance:org.hawkular.metrics.core.impl.cassandra.DataAccessITest2@2c8d66b2]" name="initMethod" is-config="true" duration-ms="665" started-at="2015-05-17T22:36:37Z" finished-at="2015-05-17T22:36:38Z">
          <reporter-output>
          </reporter-output>
        </test-method> <!-- initMethod -->
        <test-method status="PASS" signature="insertAndFindSingleGaugeData()[pri:0, instance:org.hawkular.metrics.core.impl.cassandra.DataAccessITest2@2c8d66b2]" name="insertAndFindSingleGaugeData" duration-ms="4" started-at="2015-05-17T22:36:38Z" finished-at="2015-05-17T22:36:38Z">
          <reporter-output>
          </reporter-output>
        </test-method> <!-- insertAndFindSingleGaugeData -->
        <test-method status="PASS" signature="initMethod()[pri:0, instance:org.hawkular.metrics.core.impl.cassandra.DataAccessITest2@2c8d66b2]" name="initMethod" is-config="true" duration-ms="680" started-at="2015-05-17T22:36:38Z" finished-at="2015-05-17T22:36:38Z">
          <reporter-output>
          </reporter-output>
        </test-method> <!-- initMethod -->
        <test-method status="PASS" signature="insertAndFindTenant()[pri:0, instance:org.hawkular.metrics.core.impl.cassandra.DataAccessITest2@2c8d66b2]" name="insertAndFindTenant" duration-ms="43" started-at="2015-05-17T22:36:38Z" finished-at="2015-05-17T22:36:38Z">
          <reporter-output>
          </reporter-output>
        </test-method> <!-- insertAndFindTenant -->
        <test-method status="PASS" signature="initMethod()[pri:0, instance:org.hawkular.metrics.core.impl.cassandra.DataAccessITest2@2c8d66b2]" name="initMethod" is-config="true" duration-ms="571" started-at="2015-05-17T22:36:38Z" finished-at="2015-05-17T22:36:39Z">
          <reporter-output>
          </reporter-output>
        </test-method> <!-- initMethod -->
        <test-method status="PASS" signature="updateCounterAndFindCounter()[pri:0, instance:org.hawkular.metrics.core.impl.cassandra.DataAccessITest2@2c8d66b2]" name="updateCounterAndFindCounter" duration-ms="4" started-at="2015-05-17T22:36:39Z" finished-at="2015-05-17T22:36:39Z">
          <reporter-output>
          </reporter-output>
        </test-method> <!-- updateCounterAndFindCounter -->
        <test-method status="PASS" signature="initMethod()[pri:0, instance:org.hawkular.metrics.core.impl.cassandra.DataAccessITest2@2c8d66b2]" name="initMethod" is-config="true" duration-ms="536" started-at="2015-05-17T22:36:39Z" finished-at="2015-05-17T22:36:39Z">
          <reporter-output>
          </reporter-output>
        </test-method> <!-- initMethod -->
        <test-method status="PASS" signature="updateCounters()[pri:0, instance:org.hawkular.metrics.core.impl.cassandra.DataAccessITest2@2c8d66b2]" name="updateCounters" duration-ms="4" started-at="2015-05-17T22:36:39Z" finished-at="2015-05-17T22:36:39Z">
          <reporter-output>
          </reporter-output>
        </test-method> <!-- updateCounters -->
      </class> <!-- org.hawkular.metrics.core.impl.cassandra.DataAccessITest2 -->
    </test> <!-- Default test -->
  </suite> <!-- Default suite -->
</testng-results>
